2019-10-08 18:42:03,416 - xplane-remote#init_xp_remote - DEBUG - Start Server.
2019-10-08 18:42:03,427 - xplane-remote#init_xp_remote - DEBUG - Server started.
2019-10-08 18:42:03,430 - xplane-remote#trainings_set03 - INFO - run trainings_set02
2019-10-08 18:42:49,991 - xplane-remote#init_xp_remote - DEBUG - Start Server.
2019-10-08 18:42:50,005 - xplane-remote#init_xp_remote - DEBUG - Server started.
2019-10-08 18:42:50,007 - xplane-remote#trainings_set03 - INFO - run trainings_set02
2019-10-08 18:42:50,009 - xplane-remote#trainings_set03 - INFO - All maneuvers: [{'start_altitude': 1000, 'climb': 50, 'climb_rate': 600, 'heading_change': 0, 'bank_angle': 0}, {'start_altitude': 1000, 'climb': 50, 'climb_rate': 500, 'heading_change': 0, 'bank_angle': 0}, {'start_altitude': 1000, 'climb': 50, 'climb_rate': 400, 'heading_change': 0, 'bank_angle': 0}, {'start_altitude': 1000, 'climb': 50, 'climb_rate': 300, 'heading_change': 0, 'bank_angle': 0}, {'start_altitude': 1000, 'climb': 50, 'climb_rate': 200, 'heading_change': 0, 'bank_angle': 0}, {'start_altitude': 1000, 'climb': -50, 'climb_rate': 600, 'heading_change': 0, 'bank_angle': 0}, {'start_altitude': 1000, 'climb': -50, 'climb_rate': 500, 'heading_change': 0, 'bank_angle': 0}, {'start_altitude': 1000, 'climb': -50, 'climb_rate': 400, 'heading_change': 0, 'bank_angle': 0}, {'start_altitude': 1000, 'climb': -50, 'climb_rate': 300, 'heading_change': 0, 'bank_angle': 0}, {'start_altitude': 1000, 'climb': -50, 'climb_rate': 200, 'heading_change': 0, 'bank_angle': 0}, {'start_altitude': 1500, 'climb': 50, 'climb_rate': 600, 'heading_change': 0, 'bank_angle': 0}, {'start_altitude': 1500, 'climb': 50, 'climb_rate': 500, 'heading_change': 0, 'bank_angle': 0}, {'start_altitude': 1500, 'climb': 50, 'climb_rate': 400, 'heading_change': 0, 'bank_angle': 0}, {'start_altitude': 1500, 'climb': 50, 'climb_rate': 300, 'heading_change': 0, 'bank_angle': 0}, {'start_altitude': 1500, 'climb': 50, 'climb_rate': 200, 'heading_change': 0, 'bank_angle': 0}, {'start_altitude': 1500, 'climb': -50, 'climb_rate': 600, 'heading_change': 0, 'bank_angle': 0}, {'start_altitude': 1500, 'climb': -50, 'climb_rate': 500, 'heading_change': 0, 'bank_angle': 0}, {'start_altitude': 1500, 'climb': -50, 'climb_rate': 400, 'heading_change': 0, 'bank_angle': 0}, {'start_altitude': 1500, 'climb': -50, 'climb_rate': 300, 'heading_change': 0, 'bank_angle': 0}, {'start_altitude': 1500, 'climb': -50, 'climb_rate': 200, 'heading_change': 0, 'bank_angle': 0}, {'start_altitude': 2000, 'climb': 50, 'climb_rate': 600, 'heading_change': 0, 'bank_angle': 0}, {'start_altitude': 2000, 'climb': 50, 'climb_rate': 500, 'heading_change': 0, 'bank_angle': 0}, {'start_altitude': 2000, 'climb': 50, 'climb_rate': 400, 'heading_change': 0, 'bank_angle': 0}, {'start_altitude': 2000, 'climb': 50, 'climb_rate': 300, 'heading_change': 0, 'bank_angle': 0}, {'start_altitude': 2000, 'climb': 50, 'climb_rate': 200, 'heading_change': 0, 'bank_angle': 0}, {'start_altitude': 2000, 'climb': -50, 'climb_rate': 600, 'heading_change': 0, 'bank_angle': 0}, {'start_altitude': 2000, 'climb': -50, 'climb_rate': 500, 'heading_change': 0, 'bank_angle': 0}, {'start_altitude': 2000, 'climb': -50, 'climb_rate': 400, 'heading_change': 0, 'bank_angle': 0}, {'start_altitude': 2000, 'climb': -50, 'climb_rate': 300, 'heading_change': 0, 'bank_angle': 0}, {'start_altitude': 2000, 'climb': -50, 'climb_rate': 200, 'heading_change': 0, 'bank_angle': 0}, {'start_altitude': 2500, 'climb': 50, 'climb_rate': 600, 'heading_change': 0, 'bank_angle': 0}, {'start_altitude': 2500, 'climb': 50, 'climb_rate': 500, 'heading_change': 0, 'bank_angle': 0}, {'start_altitude': 2500, 'climb': 50, 'climb_rate': 400, 'heading_change': 0, 'bank_angle': 0}, {'start_altitude': 2500, 'climb': 50, 'climb_rate': 300, 'heading_change': 0, 'bank_angle': 0}, {'start_altitude': 2500, 'climb': 50, 'climb_rate': 200, 'heading_change': 0, 'bank_angle': 0}, {'start_altitude': 2500, 'climb': -50, 'climb_rate': 600, 'heading_change': 0, 'bank_angle': 0}, {'start_altitude': 2500, 'climb': -50, 'climb_rate': 500, 'heading_change': 0, 'bank_angle': 0}, {'start_altitude': 2500, 'climb': -50, 'climb_rate': 400, 'heading_change': 0, 'bank_angle': 0}, {'start_altitude': 2500, 'climb': -50, 'climb_rate': 300, 'heading_change': 0, 'bank_angle': 0}, {'start_altitude': 2500, 'climb': -50, 'climb_rate': 200, 'heading_change': 0, 'bank_angle': 0}, {'start_altitude': 3000, 'climb': 50, 'climb_rate': 600, 'heading_change': 0, 'bank_angle': 0}, {'start_altitude': 3000, 'climb': 50, 'climb_rate': 500, 'heading_change': 0, 'bank_angle': 0}, {'start_altitude': 3000, 'climb': 50, 'climb_rate': 400, 'heading_change': 0, 'bank_angle': 0}, {'start_altitude': 3000, 'climb': 50, 'climb_rate': 300, 'heading_change': 0, 'bank_angle': 0}, {'start_altitude': 3000, 'climb': 50, 'climb_rate': 200, 'heading_change': 0, 'bank_angle': 0}, {'start_altitude': 3000, 'climb': -50, 'climb_rate': 600, 'heading_change': 0, 'bank_angle': 0}, {'start_altitude': 3000, 'climb': -50, 'climb_rate': 500, 'heading_change': 0, 'bank_angle': 0}, {'start_altitude': 3000, 'climb': -50, 'climb_rate': 400, 'heading_change': 0, 'bank_angle': 0}, {'start_altitude': 3000, 'climb': -50, 'climb_rate': 300, 'heading_change': 0, 'bank_angle': 0}, {'start_altitude': 3000, 'climb': -50, 'climb_rate': 200, 'heading_change': 0, 'bank_angle': 0}, {'start_altitude': 3500, 'climb': 50, 'climb_rate': 600, 'heading_change': 0, 'bank_angle': 0}, {'start_altitude': 3500, 'climb': 50, 'climb_rate': 500, 'heading_change': 0, 'bank_angle': 0}, {'start_altitude': 3500, 'climb': 50, 'climb_rate': 400, 'heading_change': 0, 'bank_angle': 0}, {'start_altitude': 3500, 'climb': 50, 'climb_rate': 300, 'heading_change': 0, 'bank_angle': 0}, {'start_altitude': 3500, 'climb': 50, 'climb_rate': 200, 'heading_change': 0, 'bank_angle': 0}, {'start_altitude': 3500, 'climb': -50, 'climb_rate': 600, 'heading_change': 0, 'bank_angle': 0}, {'start_altitude': 3500, 'climb': -50, 'climb_rate': 500, 'heading_change': 0, 'bank_angle': 0}, {'start_altitude': 3500, 'climb': -50, 'climb_rate': 400, 'heading_change': 0, 'bank_angle': 0}, {'start_altitude': 3500, 'climb': -50, 'climb_rate': 300, 'heading_change': 0, 'bank_angle': 0}, {'start_altitude': 3500, 'climb': -50, 'climb_rate': 200, 'heading_change': 0, 'bank_angle': 0}, {'start_altitude': 4000, 'climb': 50, 'climb_rate': 600, 'heading_change': 0, 'bank_angle': 0}, {'start_altitude': 4000, 'climb': 50, 'climb_rate': 500, 'heading_change': 0, 'bank_angle': 0}, {'start_altitude': 4000, 'climb': 50, 'climb_rate': 400, 'heading_change': 0, 'bank_angle': 0}, {'start_altitude': 4000, 'climb': 50, 'climb_rate': 300, 'heading_change': 0, 'bank_angle': 0}, {'start_altitude': 4000, 'climb': 50, 'climb_rate': 200, 'heading_change': 0, 'bank_angle': 0}, {'start_altitude': 4000, 'climb': -50, 'climb_rate': 600, 'heading_change': 0, 'bank_angle': 0}, {'start_altitude': 4000, 'climb': -50, 'climb_rate': 500, 'heading_change': 0, 'bank_angle': 0}, {'start_altitude': 4000, 'climb': -50, 'climb_rate': 400, 'heading_change': 0, 'bank_angle': 0}, {'start_altitude': 4000, 'climb': -50, 'climb_rate': 300, 'heading_change': 0, 'bank_angle': 0}, {'start_altitude': 4000, 'climb': -50, 'climb_rate': 200, 'heading_change': 0, 'bank_angle': 0}, {'start_altitude': 4500, 'climb': 50, 'climb_rate': 600, 'heading_change': 0, 'bank_angle': 0}, {'start_altitude': 4500, 'climb': 50, 'climb_rate': 500, 'heading_change': 0, 'bank_angle': 0}, {'start_altitude': 4500, 'climb': 50, 'climb_rate': 400, 'heading_change': 0, 'bank_angle': 0}, {'start_altitude': 4500, 'climb': 50, 'climb_rate': 300, 'heading_change': 0, 'bank_angle': 0}, {'start_altitude': 4500, 'climb': 50, 'climb_rate': 200, 'heading_change': 0, 'bank_angle': 0}, {'start_altitude': 4500, 'climb': -50, 'climb_rate': 600, 'heading_change': 0, 'bank_angle': 0}, {'start_altitude': 4500, 'climb': -50, 'climb_rate': 500, 'heading_change': 0, 'bank_angle': 0}, {'start_altitude': 4500, 'climb': -50, 'climb_rate': 400, 'heading_change': 0, 'bank_angle': 0}, {'start_altitude': 4500, 'climb': -50, 'climb_rate': 300, 'heading_change': 0, 'bank_angle': 0}, {'start_altitude': 4500, 'climb': -50, 'climb_rate': 200, 'heading_change': 0, 'bank_angle': 0}]
2019-10-08 18:42:50,027 - xplane-remote#fly - INFO - {'start_altitude': 1000, 'climb': 50, 'climb_rate': 600, 'heading_change': 0, 'bank_angle': 0}
2019-10-08 18:43:25,861 - xplane-remote#fly - INFO - {'start_altitude': 1000, 'climb': 50, 'climb_rate': 500, 'heading_change': 0, 'bank_angle': 0}
2019-10-08 18:43:50,942 - xplane-remote#fly - INFO - {'start_altitude': 1000, 'climb': 50, 'climb_rate': 400, 'heading_change': 0, 'bank_angle': 0}
2019-10-08 18:44:20,213 - xplane-remote#fly - INFO - {'start_altitude': 1000, 'climb': 50, 'climb_rate': 300, 'heading_change': 0, 'bank_angle': 0}
2019-10-08 18:44:52,772 - xplane-remote#fly - INFO - {'start_altitude': 1000, 'climb': 50, 'climb_rate': 200, 'heading_change': 0, 'bank_angle': 0}
2019-10-08 18:45:29,967 - xplane-remote#fly - INFO - {'start_altitude': 1000, 'climb': -50, 'climb_rate': 600, 'heading_change': 0, 'bank_angle': 0}
2019-10-08 18:45:55,785 - xplane-remote#fly - INFO - {'start_altitude': 1000, 'climb': -50, 'climb_rate': 500, 'heading_change': 0, 'bank_angle': 0}
2019-10-08 18:46:20,791 - xplane-remote#fly - INFO - {'start_altitude': 1000, 'climb': -50, 'climb_rate': 400, 'heading_change': 0, 'bank_angle': 0}
2019-10-08 18:46:50,025 - xplane-remote#fly - INFO - {'start_altitude': 1000, 'climb': -50, 'climb_rate': 300, 'heading_change': 0, 'bank_angle': 0}
2019-10-08 18:47:22,516 - xplane-remote#fly - INFO - {'start_altitude': 1000, 'climb': -50, 'climb_rate': 200, 'heading_change': 0, 'bank_angle': 0}
2019-10-08 18:47:59,680 - xplane-remote#fly - INFO - {'start_altitude': 1500, 'climb': 50, 'climb_rate': 600, 'heading_change': 0, 'bank_angle': 0}
2019-10-08 18:49:19,421 - xplane-remote#fly - INFO - {'start_altitude': 1500, 'climb': 50, 'climb_rate': 500, 'heading_change': 0, 'bank_angle': 0}
2019-10-08 18:49:45,459 - xplane-remote#fly - INFO - {'start_altitude': 1500, 'climb': 50, 'climb_rate': 400, 'heading_change': 0, 'bank_angle': 0}
2019-10-08 18:50:15,687 - xplane-remote#fly - INFO - {'start_altitude': 1500, 'climb': 50, 'climb_rate': 300, 'heading_change': 0, 'bank_angle': 0}
2019-10-08 18:50:48,224 - xplane-remote#fly - INFO - {'start_altitude': 1500, 'climb': 50, 'climb_rate': 200, 'heading_change': 0, 'bank_angle': 0}
2019-10-08 18:57:20,046 - xplane-remote#init_xp_remote - DEBUG - Start Server.
2019-10-08 18:57:20,073 - xplane-remote#init_xp_remote - DEBUG - Server started.
2019-10-08 18:57:20,076 - xplane-remote#trainings_set03 - INFO - run trainings_set02
2019-10-08 18:57:20,080 - xplane-remote#trainings_set03 - INFO - All maneuvers: [{'start_altitude': 1500, 'climb': 100, 'climb_rate': 600, 'heading_change': 0, 'bank_angle': 0}, {'start_altitude': 1500, 'climb': 100, 'climb_rate': 500, 'heading_change': 0, 'bank_angle': 0}, {'start_altitude': 1500, 'climb': 100, 'climb_rate': 400, 'heading_change': 0, 'bank_angle': 0}, {'start_altitude': 1500, 'climb': 100, 'climb_rate': 300, 'heading_change': 0, 'bank_angle': 0}, {'start_altitude': 1500, 'climb': 100, 'climb_rate': 200, 'heading_change': 0, 'bank_angle': 0}, {'start_altitude': 1500, 'climb': -100, 'climb_rate': 600, 'heading_change': 0, 'bank_angle': 0}, {'start_altitude': 1500, 'climb': -100, 'climb_rate': 500, 'heading_change': 0, 'bank_angle': 0}, {'start_altitude': 1500, 'climb': -100, 'climb_rate': 400, 'heading_change': 0, 'bank_angle': 0}, {'start_altitude': 1500, 'climb': -100, 'climb_rate': 300, 'heading_change': 0, 'bank_angle': 0}, {'start_altitude': 1500, 'climb': -100, 'climb_rate': 200, 'heading_change': 0, 'bank_angle': 0}, {'start_altitude': 2500, 'climb': 100, 'climb_rate': 600, 'heading_change': 0, 'bank_angle': 0}, {'start_altitude': 2500, 'climb': 100, 'climb_rate': 500, 'heading_change': 0, 'bank_angle': 0}, {'start_altitude': 2500, 'climb': 100, 'climb_rate': 400, 'heading_change': 0, 'bank_angle': 0}, {'start_altitude': 2500, 'climb': 100, 'climb_rate': 300, 'heading_change': 0, 'bank_angle': 0}, {'start_altitude': 2500, 'climb': 100, 'climb_rate': 200, 'heading_change': 0, 'bank_angle': 0}, {'start_altitude': 2500, 'climb': -100, 'climb_rate': 600, 'heading_change': 0, 'bank_angle': 0}, {'start_altitude': 2500, 'climb': -100, 'climb_rate': 500, 'heading_change': 0, 'bank_angle': 0}, {'start_altitude': 2500, 'climb': -100, 'climb_rate': 400, 'heading_change': 0, 'bank_angle': 0}, {'start_altitude': 2500, 'climb': -100, 'climb_rate': 300, 'heading_change': 0, 'bank_angle': 0}, {'start_altitude': 2500, 'climb': -100, 'climb_rate': 200, 'heading_change': 0, 'bank_angle': 0}, {'start_altitude': 3500, 'climb': 100, 'climb_rate': 600, 'heading_change': 0, 'bank_angle': 0}, {'start_altitude': 3500, 'climb': 100, 'climb_rate': 500, 'heading_change': 0, 'bank_angle': 0}, {'start_altitude': 3500, 'climb': 100, 'climb_rate': 400, 'heading_change': 0, 'bank_angle': 0}, {'start_altitude': 3500, 'climb': 100, 'climb_rate': 300, 'heading_change': 0, 'bank_angle': 0}, {'start_altitude': 3500, 'climb': 100, 'climb_rate': 200, 'heading_change': 0, 'bank_angle': 0}, {'start_altitude': 3500, 'climb': -100, 'climb_rate': 600, 'heading_change': 0, 'bank_angle': 0}, {'start_altitude': 3500, 'climb': -100, 'climb_rate': 500, 'heading_change': 0, 'bank_angle': 0}, {'start_altitude': 3500, 'climb': -100, 'climb_rate': 400, 'heading_change': 0, 'bank_angle': 0}, {'start_altitude': 3500, 'climb': -100, 'climb_rate': 300, 'heading_change': 0, 'bank_angle': 0}, {'start_altitude': 3500, 'climb': -100, 'climb_rate': 200, 'heading_change': 0, 'bank_angle': 0}, {'start_altitude': 4500, 'climb': 100, 'climb_rate': 600, 'heading_change': 0, 'bank_angle': 0}, {'start_altitude': 4500, 'climb': 100, 'climb_rate': 500, 'heading_change': 0, 'bank_angle': 0}, {'start_altitude': 4500, 'climb': 100, 'climb_rate': 400, 'heading_change': 0, 'bank_angle': 0}, {'start_altitude': 4500, 'climb': 100, 'climb_rate': 300, 'heading_change': 0, 'bank_angle': 0}, {'start_altitude': 4500, 'climb': 100, 'climb_rate': 200, 'heading_change': 0, 'bank_angle': 0}, {'start_altitude': 4500, 'climb': -100, 'climb_rate': 600, 'heading_change': 0, 'bank_angle': 0}, {'start_altitude': 4500, 'climb': -100, 'climb_rate': 500, 'heading_change': 0, 'bank_angle': 0}, {'start_altitude': 4500, 'climb': -100, 'climb_rate': 400, 'heading_change': 0, 'bank_angle': 0}, {'start_altitude': 4500, 'climb': -100, 'climb_rate': 300, 'heading_change': 0, 'bank_angle': 0}, {'start_altitude': 4500, 'climb': -100, 'climb_rate': 200, 'heading_change': 0, 'bank_angle': 0}]
2019-10-08 18:57:20,086 - xplane-remote#fly - INFO - {'start_altitude': 1500, 'climb': 100, 'climb_rate': 600, 'heading_change': 0, 'bank_angle': 0}
2019-10-08 18:58:54,538 - xplane-remote#fly - INFO - {'start_altitude': 1500, 'climb': 100, 'climb_rate': 500, 'heading_change': 0, 'bank_angle': 0}
2019-10-08 18:59:37,845 - xplane-remote#fly - INFO - {'start_altitude': 1500, 'climb': 100, 'climb_rate': 400, 'heading_change': 0, 'bank_angle': 0}
2019-10-08 19:26:50,130 - xplane-remote#init_xp_remote - DEBUG - Start Server.
2019-10-08 19:26:50,141 - xplane-remote#init_xp_remote - DEBUG - Server started.
2019-10-08 19:26:50,143 - xplane-remote#trainings_set03 - INFO - run trainings_set02
2019-10-08 19:26:50,149 - xplane-remote#fly - INFO - {'start_altitude': 1500, 'climb': 100, 'climb_rate': 600, 'heading_change': 0, 'bank_angle': 0}
2019-10-08 19:29:36,891 - xplane-remote#init_xp_remote - DEBUG - Start Server.
2019-10-08 19:29:36,902 - xplane-remote#init_xp_remote - DEBUG - Server started.
2019-10-08 19:29:36,903 - xplane-remote#trainings_set03 - INFO - run trainings_set02
2019-10-08 19:29:36,904 - xplane-remote#fly - INFO - {'start_altitude': 1500, 'climb': 100, 'climb_rate': 600, 'heading_change': 0, 'bank_angle': 0}
2019-10-08 19:31:00,121 - xplane-remote#init_xp_remote - DEBUG - Start Server.
2019-10-08 19:31:00,134 - xplane-remote#init_xp_remote - DEBUG - Server started.
2019-10-08 19:31:00,136 - xplane-remote#trainings_set03 - INFO - run trainings_set02
2019-10-08 19:31:00,137 - xplane-remote#fly - INFO - {'start_altitude': 1500, 'climb': 100, 'climb_rate': 600, 'heading_change': 0, 'bank_angle': 0}
2019-10-08 19:34:34,258 - xplane-remote#init_xp_remote - DEBUG - Start Server.
2019-10-08 19:34:34,267 - xplane-remote#init_xp_remote - DEBUG - Server started.
2019-10-08 19:34:34,268 - xplane-remote#trainings_set03 - INFO - run trainings_set02
2019-10-08 19:34:34,270 - xplane-remote#fly - INFO - {'start_altitude': 1500, 'climb': 100, 'climb_rate': 600, 'heading_change': 0, 'bank_angle': 0}
2019-10-08 19:36:09,919 - xplane-remote#fly - INFO - {'start_altitude': 1500, 'climb': 100, 'climb_rate': 500, 'heading_change': 0, 'bank_angle': 0}
2019-10-08 19:36:54,428 - xplane-remote#fly - INFO - {'start_altitude': 1500, 'climb': 100, 'climb_rate': 400, 'heading_change': 0, 'bank_angle': 0}
2019-10-08 19:37:43,468 - xplane-remote#fly - INFO - {'start_altitude': 1500, 'climb': 100, 'climb_rate': 300, 'heading_change': 0, 'bank_angle': 0}
2019-10-08 19:38:38,858 - xplane-remote#fly - INFO - {'start_altitude': 1500, 'climb': 100, 'climb_rate': 200, 'heading_change': 0, 'bank_angle': 0}
2019-10-08 19:39:49,217 - xplane-remote#fly - INFO - {'start_altitude': 1500, 'climb': -100, 'climb_rate': 600, 'heading_change': 0, 'bank_angle': 0}
2019-10-08 19:40:32,448 - xplane-remote#fly - INFO - {'start_altitude': 1500, 'climb': -100, 'climb_rate': 500, 'heading_change': 0, 'bank_angle': 0}
2019-10-08 19:41:16,276 - xplane-remote#fly - INFO - {'start_altitude': 1500, 'climb': -100, 'climb_rate': 400, 'heading_change': 0, 'bank_angle': 0}
2019-10-08 19:42:04,983 - xplane-remote#fly - INFO - {'start_altitude': 1500, 'climb': -100, 'climb_rate': 300, 'heading_change': 0, 'bank_angle': 0}
2019-10-08 19:43:00,226 - xplane-remote#fly - INFO - {'start_altitude': 1500, 'climb': -100, 'climb_rate': 200, 'heading_change': 0, 'bank_angle': 0}
2019-10-08 19:44:10,687 - xplane-remote#fly - INFO - {'start_altitude': 2500, 'climb': 100, 'climb_rate': 600, 'heading_change': 0, 'bank_angle': 0}
2019-10-08 19:46:35,482 - xplane-remote#fly - INFO - {'start_altitude': 2500, 'climb': 100, 'climb_rate': 500, 'heading_change': 0, 'bank_angle': 0}
2019-10-08 19:47:21,431 - xplane-remote#fly - INFO - {'start_altitude': 2500, 'climb': 100, 'climb_rate': 400, 'heading_change': 0, 'bank_angle': 0}
2019-10-08 19:48:10,554 - xplane-remote#fly - INFO - {'start_altitude': 2500, 'climb': 100, 'climb_rate': 300, 'heading_change': 0, 'bank_angle': 0}
2019-10-08 19:49:06,117 - xplane-remote#fly - INFO - {'start_altitude': 2500, 'climb': 100, 'climb_rate': 200, 'heading_change': 0, 'bank_angle': 0}
2019-10-08 19:50:16,757 - xplane-remote#fly - INFO - {'start_altitude': 2500, 'climb': -100, 'climb_rate': 600, 'heading_change': 0, 'bank_angle': 0}
2019-10-08 19:51:00,026 - xplane-remote#fly - INFO - {'start_altitude': 2500, 'climb': -100, 'climb_rate': 500, 'heading_change': 0, 'bank_angle': 0}
2019-10-08 20:04:42,055 - xplane-remote#init_xp_remote - DEBUG - Start Server.
2019-10-08 20:04:42,068 - xplane-remote#init_xp_remote - DEBUG - Server started.
2019-10-08 20:04:42,070 - xplane-remote#trainings_set03 - INFO - run trainings_set02
2019-10-08 20:04:42,071 - xplane-remote#fly - INFO - {'start_altitude': 2500, 'climb': 100, 'climb_rate': 600, 'heading_change': 0, 'bank_angle': 0}
2019-10-08 20:08:00,312 - xplane-remote#fly - INFO - {'start_altitude': 2500, 'climb': 100, 'climb_rate': 500, 'heading_change': 0, 'bank_angle': 0}
2019-10-08 20:09:34,419 - xplane-remote#fly - INFO - {'start_altitude': 2500, 'climb': 100, 'climb_rate': 400, 'heading_change': 0, 'bank_angle': 0}
2019-10-08 20:10:24,477 - xplane-remote#fly - INFO - {'start_altitude': 2500, 'climb': 100, 'climb_rate': 300, 'heading_change': 0, 'bank_angle': 0}
2019-10-08 20:11:20,541 - xplane-remote#fly - INFO - {'start_altitude': 2500, 'climb': 100, 'climb_rate': 200, 'heading_change': 0, 'bank_angle': 0}
2019-10-08 20:23:26,284 - xplane-remote#init_xp_remote - DEBUG - Start Server.
2019-10-08 20:23:26,289 - xplane-remote#init_xp_remote - DEBUG - Server started.
2019-10-08 20:23:26,291 - xplane-remote#trainings_set03 - INFO - run trainings_set02
2019-10-08 20:23:26,294 - xplane-remote#fly - INFO - {'start_altitude': 1500, 'climb': 100, 'climb_rate': 200, 'heading_change': 0, 'bank_angle': 0}
2019-10-08 20:25:13,771 - xplane-remote#fly - INFO - {'start_altitude': 1500, 'climb': -100, 'climb_rate': 200, 'heading_change': 0, 'bank_angle': 0}
2019-10-08 20:26:09,852 - xplane-remote#fly - INFO - {'start_altitude': 1500, 'climb': 100, 'climb_rate': 300, 'heading_change': 0, 'bank_angle': 0}
2019-10-08 20:26:57,907 - xplane-remote#fly - INFO - {'start_altitude': 1500, 'climb': -100, 'climb_rate': 300, 'heading_change': 0, 'bank_angle': 0}
2019-10-08 20:27:45,979 - xplane-remote#fly - INFO - {'start_altitude': 1500, 'climb': 100, 'climb_rate': 400, 'heading_change': 0, 'bank_angle': 0}
2019-10-08 20:28:31,036 - xplane-remote#fly - INFO - {'start_altitude': 1500, 'climb': -100, 'climb_rate': 400, 'heading_change': 0, 'bank_angle': 0}
2019-10-08 20:29:16,085 - xplane-remote#fly - INFO - {'start_altitude': 1500, 'climb': 100, 'climb_rate': 500, 'heading_change': 0, 'bank_angle': 0}
2019-10-08 20:30:00,135 - xplane-remote#fly - INFO - {'start_altitude': 1500, 'climb': -100, 'climb_rate': 500, 'heading_change': 0, 'bank_angle': 0}
2019-10-08 20:30:43,184 - xplane-remote#fly - INFO - {'start_altitude': 1500, 'climb': 100, 'climb_rate': 600, 'heading_change': 0, 'bank_angle': 0}
2019-10-08 20:31:25,228 - xplane-remote#fly - INFO - {'start_altitude': 1500, 'climb': -100, 'climb_rate': 600, 'heading_change': 0, 'bank_angle': 0}
2019-10-08 20:32:07,265 - xplane-remote#fly - INFO - {'start_altitude': 2500, 'climb': 100, 'climb_rate': 200, 'heading_change': 0, 'bank_angle': 0}
2019-10-08 20:34:42,455 - xplane-remote#fly - INFO - {'start_altitude': 2500, 'climb': -100, 'climb_rate': 200, 'heading_change': 0, 'bank_angle': 0}
2019-10-08 20:35:39,543 - xplane-remote#fly - INFO - {'start_altitude': 2500, 'climb': 100, 'climb_rate': 300, 'heading_change': 0, 'bank_angle': 0}
2019-10-08 20:36:27,593 - xplane-remote#fly - INFO - {'start_altitude': 2500, 'climb': -100, 'climb_rate': 300, 'heading_change': 0, 'bank_angle': 0}
2019-10-08 20:37:15,632 - xplane-remote#fly - INFO - {'start_altitude': 2500, 'climb': 100, 'climb_rate': 400, 'heading_change': 0, 'bank_angle': 0}
2019-10-08 20:38:00,673 - xplane-remote#fly - INFO - {'start_altitude': 2500, 'climb': -100, 'climb_rate': 400, 'heading_change': 0, 'bank_angle': 0}
2019-10-08 20:38:45,721 - xplane-remote#fly - INFO - {'start_altitude': 2500, 'climb': 100, 'climb_rate': 500, 'heading_change': 0, 'bank_angle': 0}
2019-10-08 20:39:29,756 - xplane-remote#fly - INFO - {'start_altitude': 2500, 'climb': -100, 'climb_rate': 500, 'heading_change': 0, 'bank_angle': 0}
2019-10-08 20:40:12,799 - xplane-remote#fly - INFO - {'start_altitude': 2500, 'climb': 100, 'climb_rate': 600, 'heading_change': 0, 'bank_angle': 0}
2019-10-08 20:40:55,843 - xplane-remote#fly - INFO - {'start_altitude': 2500, 'climb': -100, 'climb_rate': 600, 'heading_change': 0, 'bank_angle': 0}
2019-10-08 20:41:37,874 - xplane-remote#fly - INFO - {'start_altitude': 3500, 'climb': 100, 'climb_rate': 200, 'heading_change': 0, 'bank_angle': 0}
2019-10-08 20:44:12,059 - xplane-remote#fly - INFO - {'start_altitude': 3500, 'climb': -100, 'climb_rate': 200, 'heading_change': 0, 'bank_angle': 0}
2019-10-08 20:45:09,137 - xplane-remote#fly - INFO - {'start_altitude': 3500, 'climb': 100, 'climb_rate': 300, 'heading_change': 0, 'bank_angle': 0}
2019-10-08 20:45:57,193 - xplane-remote#fly - INFO - {'start_altitude': 3500, 'climb': -100, 'climb_rate': 300, 'heading_change': 0, 'bank_angle': 0}
2019-10-08 20:46:45,265 - xplane-remote#fly - INFO - {'start_altitude': 3500, 'climb': 100, 'climb_rate': 400, 'heading_change': 0, 'bank_angle': 0}
2019-10-08 20:47:30,316 - xplane-remote#fly - INFO - {'start_altitude': 3500, 'climb': -100, 'climb_rate': 400, 'heading_change': 0, 'bank_angle': 0}
2019-10-08 20:48:52,417 - xplane-remote#fly - INFO - {'start_altitude': 3500, 'climb': 100, 'climb_rate': 500, 'heading_change': 0, 'bank_angle': 0}
2019-10-08 20:50:09,531 - xplane-remote#fly - INFO - {'start_altitude': 3500, 'climb': -100, 'climb_rate': 500, 'heading_change': 0, 'bank_angle': 0}
2019-10-08 20:51:13,592 - xplane-remote#fly - INFO - {'start_altitude': 3500, 'climb': 100, 'climb_rate': 600, 'heading_change': 0, 'bank_angle': 0}
2019-10-08 20:51:56,677 - xplane-remote#fly - INFO - {'start_altitude': 3500, 'climb': -100, 'climb_rate': 600, 'heading_change': 0, 'bank_angle': 0}
2019-10-08 20:52:38,736 - xplane-remote#fly - INFO - {'start_altitude': 4500, 'climb': 100, 'climb_rate': 200, 'heading_change': 0, 'bank_angle': 0}
2019-10-08 20:55:12,980 - xplane-remote#fly - INFO - {'start_altitude': 4500, 'climb': -100, 'climb_rate': 200, 'heading_change': 0, 'bank_angle': 0}
2019-10-08 20:56:13,077 - xplane-remote#fly - INFO - {'start_altitude': 4500, 'climb': 100, 'climb_rate': 300, 'heading_change': 0, 'bank_angle': 0}
2019-10-08 20:57:01,131 - xplane-remote#fly - INFO - {'start_altitude': 4500, 'climb': -100, 'climb_rate': 300, 'heading_change': 0, 'bank_angle': 0}
2019-10-08 20:57:49,256 - xplane-remote#fly - INFO - {'start_altitude': 4500, 'climb': 100, 'climb_rate': 400, 'heading_change': 0, 'bank_angle': 0}
2019-10-08 20:58:50,353 - xplane-remote#fly - INFO - {'start_altitude': 4500, 'climb': -100, 'climb_rate': 400, 'heading_change': 0, 'bank_angle': 0}
2019-10-08 20:59:35,440 - xplane-remote#fly - INFO - {'start_altitude': 4500, 'climb': 100, 'climb_rate': 500, 'heading_change': 0, 'bank_angle': 0}
2019-10-08 21:00:19,506 - xplane-remote#fly - INFO - {'start_altitude': 4500, 'climb': -100, 'climb_rate': 500, 'heading_change': 0, 'bank_angle': 0}
2019-10-08 21:01:02,567 - xplane-remote#fly - INFO - {'start_altitude': 4500, 'climb': 100, 'climb_rate': 600, 'heading_change': 0, 'bank_angle': 0}
2019-10-08 21:01:58,650 - xplane-remote#fly - INFO - {'start_altitude': 4500, 'climb': -100, 'climb_rate': 600, 'heading_change': 0, 'bank_angle': 0}
2019-10-08 21:02:40,725 - xplane-remote#close_xp_remote - DEBUG - Shutdown Server.
2019-10-08 21:02:40,737 - xplane-remote#close_xp_remote - DEBUG - Server shutdown.
