2019-10-17 09:35:19,983 - xplane-remote#init_xp_remote - DEBUG - Start Server.
2019-10-17 09:35:19,988 - xplane-remote#init_xp_remote - DEBUG - Server started.
2019-10-17 09:35:19,989 - xplane-remote#trainings_set06 - INFO - run trainings_set06
2019-10-17 09:35:19,996 - xplane-remote#fly - INFO - {'start_altitude': -1, 'climb': -100, 'climb_rate': 300, 'heading_change': 0, 'bank_angle': 0}
2019-10-17 09:35:49,030 - xplane-remote#fly - INFO - {'start_altitude': -1, 'climb': 200, 'climb_rate': 300, 'heading_change': 0, 'bank_angle': 0}
2019-10-17 09:36:37,101 - xplane-remote#fly - INFO - {'start_altitude': -1, 'climb': -100, 'climb_rate': 300, 'heading_change': 0, 'bank_angle': 0}
2019-10-17 09:37:05,141 - xplane-remote#fly - INFO - {'start_altitude': -1, 'climb': 200, 'climb_rate': 300, 'heading_change': 0, 'bank_angle': 0}
2019-10-17 09:37:53,198 - xplane-remote#fly - INFO - {'start_altitude': -1, 'climb': -100, 'climb_rate': 300, 'heading_change': 0, 'bank_angle': 0}
2019-10-17 09:38:21,223 - xplane-remote#fly - INFO - {'start_altitude': -1, 'climb': 200, 'climb_rate': 300, 'heading_change': 0, 'bank_angle': 0}
2019-10-17 09:39:09,290 - xplane-remote#fly - INFO - {'start_altitude': -1, 'climb': -100, 'climb_rate': 300, 'heading_change': 0, 'bank_angle': 0}
2019-10-17 09:39:37,326 - xplane-remote#fly - INFO - {'start_altitude': -1, 'climb': 200, 'climb_rate': 300, 'heading_change': 0, 'bank_angle': 0}
2019-10-17 09:40:25,400 - xplane-remote#fly - INFO - {'start_altitude': -1, 'climb': -100, 'climb_rate': 300, 'heading_change': 0, 'bank_angle': 0}
2019-10-17 09:40:53,426 - xplane-remote#fly - INFO - {'start_altitude': -1, 'climb': 200, 'climb_rate': 300, 'heading_change': 0, 'bank_angle': 0}
2019-10-17 09:41:41,498 - xplane-remote#fly - INFO - {'start_altitude': -1, 'climb': -100, 'climb_rate': 300, 'heading_change': 0, 'bank_angle': 0}
2019-10-17 09:42:09,529 - xplane-remote#fly - INFO - {'start_altitude': -1, 'climb': 200, 'climb_rate': 300, 'heading_change': 0, 'bank_angle': 0}
2019-10-17 09:42:57,595 - xplane-remote#fly - INFO - {'start_altitude': -1, 'climb': -600, 'climb_rate': 300, 'heading_change': 0, 'bank_angle': 0}
2019-10-17 09:45:05,778 - xplane-remote#fly - INFO - {'start_altitude': -1, 'climb': -100, 'climb_rate': 400, 'heading_change': 0, 'bank_angle': 0}
2019-10-17 09:45:28,810 - xplane-remote#fly - INFO - {'start_altitude': -1, 'climb': 200, 'climb_rate': 400, 'heading_change': 0, 'bank_angle': 0}
2019-10-17 09:46:08,861 - xplane-remote#fly - INFO - {'start_altitude': -1, 'climb': -100, 'climb_rate': 400, 'heading_change': 0, 'bank_angle': 0}
2019-10-17 09:46:33,884 - xplane-remote#fly - INFO - {'start_altitude': -1, 'climb': 200, 'climb_rate': 400, 'heading_change': 0, 'bank_angle': 0}
2019-10-17 09:47:13,920 - xplane-remote#fly - INFO - {'start_altitude': -1, 'climb': -100, 'climb_rate': 400, 'heading_change': 0, 'bank_angle': 0}
2019-10-17 09:47:38,949 - xplane-remote#fly - INFO - {'start_altitude': -1, 'climb': 200, 'climb_rate': 400, 'heading_change': 0, 'bank_angle': 0}
2019-10-17 09:48:18,999 - xplane-remote#fly - INFO - {'start_altitude': -1, 'climb': -100, 'climb_rate': 400, 'heading_change': 0, 'bank_angle': 0}
2019-10-17 09:48:44,038 - xplane-remote#fly - INFO - {'start_altitude': -1, 'climb': 200, 'climb_rate': 400, 'heading_change': 0, 'bank_angle': 0}
2019-10-17 09:49:24,075 - xplane-remote#fly - INFO - {'start_altitude': -1, 'climb': -100, 'climb_rate': 400, 'heading_change': 0, 'bank_angle': 0}
2019-10-17 09:49:49,111 - xplane-remote#fly - INFO - {'start_altitude': -1, 'climb': 200, 'climb_rate': 400, 'heading_change': 0, 'bank_angle': 0}
2019-10-17 09:50:29,152 - xplane-remote#fly - INFO - {'start_altitude': -1, 'climb': -100, 'climb_rate': 400, 'heading_change': 0, 'bank_angle': 0}
2019-10-17 09:50:54,176 - xplane-remote#fly - INFO - {'start_altitude': -1, 'climb': 200, 'climb_rate': 400, 'heading_change': 0, 'bank_angle': 0}
2019-10-17 09:51:34,219 - xplane-remote#fly - INFO - {'start_altitude': -1, 'climb': -600, 'climb_rate': 400, 'heading_change': 0, 'bank_angle': 0}
2019-10-17 09:53:14,366 - xplane-remote#fly - INFO - {'start_altitude': -1, 'climb': -100, 'climb_rate': 500, 'heading_change': 0, 'bank_angle': 0}
2019-10-17 09:53:37,398 - xplane-remote#fly - INFO - {'start_altitude': -1, 'climb': 200, 'climb_rate': 500, 'heading_change': 0, 'bank_angle': 0}
2019-10-17 09:54:13,435 - xplane-remote#fly - INFO - {'start_altitude': -1, 'climb': -100, 'climb_rate': 500, 'heading_change': 0, 'bank_angle': 0}
2019-10-17 10:02:51,011 - xplane-remote#fly - INFO - {'start_altitude': -1, 'climb': 200, 'climb_rate': 500, 'heading_change': 0, 'bank_angle': 0}
2019-10-17 10:03:27,077 - xplane-remote#fly - INFO - {'start_altitude': -1, 'climb': -100, 'climb_rate': 500, 'heading_change': 0, 'bank_angle': 0}
2019-10-17 10:03:50,097 - xplane-remote#fly - INFO - {'start_altitude': -1, 'climb': 200, 'climb_rate': 500, 'heading_change': 0, 'bank_angle': 0}
2019-10-17 10:04:26,128 - xplane-remote#fly - INFO - {'start_altitude': -1, 'climb': -100, 'climb_rate': 500, 'heading_change': 0, 'bank_angle': 0}
2019-10-17 10:04:49,153 - xplane-remote#fly - INFO - {'start_altitude': -1, 'climb': 200, 'climb_rate': 500, 'heading_change': 0, 'bank_angle': 0}
2019-10-17 10:05:25,191 - xplane-remote#fly - INFO - {'start_altitude': -1, 'climb': -100, 'climb_rate': 500, 'heading_change': 0, 'bank_angle': 0}
2019-10-17 10:05:48,215 - xplane-remote#fly - INFO - {'start_altitude': -1, 'climb': 200, 'climb_rate': 500, 'heading_change': 0, 'bank_angle': 0}
2019-10-17 10:06:24,249 - xplane-remote#fly - INFO - {'start_altitude': -1, 'climb': -100, 'climb_rate': 500, 'heading_change': 0, 'bank_angle': 0}
2019-10-17 10:06:47,266 - xplane-remote#fly - INFO - {'start_altitude': -1, 'climb': 200, 'climb_rate': 500, 'heading_change': 0, 'bank_angle': 0}
2019-10-17 10:07:23,293 - xplane-remote#fly - INFO - {'start_altitude': -1, 'climb': -600, 'climb_rate': 500, 'heading_change': 0, 'bank_angle': 0}
2019-10-17 10:08:47,413 - xplane-remote#fly - INFO - {'start_altitude': -1, 'climb': -100, 'climb_rate': 600, 'heading_change': 0, 'bank_angle': 0}
2019-10-17 10:09:08,438 - xplane-remote#fly - INFO - {'start_altitude': -1, 'climb': 200, 'climb_rate': 600, 'heading_change': 0, 'bank_angle': 0}
2019-10-17 10:09:40,469 - xplane-remote#fly - INFO - {'start_altitude': -1, 'climb': -100, 'climb_rate': 600, 'heading_change': 0, 'bank_angle': 0}
2019-10-17 10:10:02,507 - xplane-remote#fly - INFO - {'start_altitude': -1, 'climb': 200, 'climb_rate': 600, 'heading_change': 0, 'bank_angle': 0}
2019-10-17 10:10:34,545 - xplane-remote#fly - INFO - {'start_altitude': -1, 'climb': -100, 'climb_rate': 600, 'heading_change': 0, 'bank_angle': 0}
2019-10-17 10:10:56,565 - xplane-remote#fly - INFO - {'start_altitude': -1, 'climb': 200, 'climb_rate': 600, 'heading_change': 0, 'bank_angle': 0}
2019-10-17 10:11:28,592 - xplane-remote#fly - INFO - {'start_altitude': -1, 'climb': -100, 'climb_rate': 600, 'heading_change': 0, 'bank_angle': 0}
2019-10-17 10:11:50,617 - xplane-remote#fly - INFO - {'start_altitude': -1, 'climb': 200, 'climb_rate': 600, 'heading_change': 0, 'bank_angle': 0}
2019-10-17 10:12:22,638 - xplane-remote#fly - INFO - {'start_altitude': -1, 'climb': -100, 'climb_rate': 600, 'heading_change': 0, 'bank_angle': 0}
2019-10-17 10:12:44,679 - xplane-remote#fly - INFO - {'start_altitude': -1, 'climb': 200, 'climb_rate': 600, 'heading_change': 0, 'bank_angle': 0}
2019-10-17 10:13:16,710 - xplane-remote#fly - INFO - {'start_altitude': -1, 'climb': -100, 'climb_rate': 600, 'heading_change': 0, 'bank_angle': 0}
2019-10-17 10:13:38,734 - xplane-remote#fly - INFO - {'start_altitude': -1, 'climb': 200, 'climb_rate': 600, 'heading_change': 0, 'bank_angle': 0}
2019-10-17 10:14:10,798 - xplane-remote#fly - INFO - {'start_altitude': -1, 'climb': -600, 'climb_rate': 600, 'heading_change': 0, 'bank_angle': 0}
2019-10-17 10:15:22,930 - xplane-remote#close_xp_remote - DEBUG - Shutdown Server.
2019-10-17 10:15:22,933 - xplane-remote#close_xp_remote - DEBUG - Server shutdown.
